c:\users\mrdmi\source\repos\test_2\server\debug\vc141.pdb
c:\users\mrdmi\source\repos\test_2\server\debug\vc141.idb
c:\users\mrdmi\source\repos\test_2\server\debug\testmain.obj
c:\users\mrdmi\source\repos\test_2\server\debug\servermain.obj
c:\users\mrdmi\source\repos\test_2\server\debug\server.obj
c:\users\mrdmi\source\repos\test_2\server\debug\server.pch
c:\users\mrdmi\source\repos\test_2\server\debug\stdafx.obj
c:\users\mrdmi\source\repos\test_2\server\debug\test.obj
c:\users\mrdmi\source\repos\test_2\debug\server.exe
c:\users\mrdmi\source\repos\test_2\debug\server.ilk
c:\users\mrdmi\source\repos\test_2\debug\server.pdb
c:\users\mrdmi\source\repos\test_2\server\debug\nativecodeanalysis.read.1.tlog
c:\users\mrdmi\source\repos\test_2\server\debug\server.nativecodeanalysis.xml
c:\users\mrdmi\source\repos\test_2\server\debug\stdafx.nativecodeanalysis.xml
c:\users\mrdmi\source\repos\test_2\server\debug\vc.nativecodeanalysis.all.xml
c:\users\mrdmi\source\repos\test_2\server\debug\server.tlog\cl.command.1.tlog
c:\users\mrdmi\source\repos\test_2\server\debug\server.tlog\cl.read.1.tlog
c:\users\mrdmi\source\repos\test_2\server\debug\server.tlog\cl.write.1.tlog
c:\users\mrdmi\source\repos\test_2\server\debug\server.tlog\link.command.1.tlog
c:\users\mrdmi\source\repos\test_2\server\debug\server.tlog\link.read.1.tlog
c:\users\mrdmi\source\repos\test_2\server\debug\server.tlog\link.write.1.tlog
